Build started 12/08/2018 15:23:19.
     1>Project "C:\Git\rights\the-rights-machine\process\tests\tests.vcxproj" on node 2 (Build target(s)).
     1>ClCompile:
         C:\Program Files (x86)\Microsoft Visual Studio 12.0\VC\bin\CL.exe /c /I"C:\Program Files (x86)\Microsoft Visual Studio 12.0\VC\UnitTest\include" /I"C:\Program Files (x86)\Visual Leak Detector\include" /ZI /nologo /W3 /WX- /Od /Oy- /D WIN32 /D _DEBUG /D _WINDLL /D _UNICODE /D UNICODE /Gm /EHsc /RTC1 /MDd /GS /fp:precise /Zc:wchar_t /Zc:forScope /Yu"stdafx.h" /Fp"Debug\tests.pch" /Fo"Debug\\" /Fd"Debug\vc120.pdb" /Gd /TP /analyze- /FC /errorReport:prompt tests.cpp
         tests.cpp
     1>c:\git\rights\the-rights-machine\process\tests\tests.cpp(3): fatal error C1083: Cannot open include file: 'starter.h': No such file or directory
     1>Done Building Project "C:\Git\rights\the-rights-machine\process\tests\tests.vcxproj" (Build target(s)) -- FAILED.

Build FAILED.

Time Elapsed 00:00:00.21
